<?xml version="1.0" encoding="UTF-8"?>
<testng-results skipped="0" failed="0" ignored="0" total="1" passed="1">
  <reporter-output>
  </reporter-output>
  <suite name="Default suite" duration-ms="4030" started-at="2021-05-10T20:00:56 IST" finished-at="2021-05-10T20:01:00 IST">
    <groups>
    </groups>
    <test name="Default test" duration-ms="4030" started-at="2021-05-10T20:00:56 IST" finished-at="2021-05-10T20:01:00 IST">
      <class name="restassured.restassure.Test_delete">
        <test-method status="PASS" signature="delete_1()[pri:0, instance:restassured.restassure.Test_delete@1d29cf23]" name="delete_1" duration-ms="3971" started-at="2021-05-10T20:00:56 IST" finished-at="2021-05-10T20:01:00 IST">
          <reporter-output>
          </reporter-output>
        </test-method> <!-- delete_1 -->
      </class> <!-- restassured.restassure.Test_delete -->
    </test> <!-- Default test -->
  </suite> <!-- Default suite -->
</testng-results>
